<?xml version="1.0" encoding="UTF-8"?>
<coverage generated="1658515533906" clover="3.2.0">
  <project timestamp="1658515533907" name="All files">
    <metrics statements="85" coveredstatements="44" conditionals="42" coveredconditionals="17" methods="40" coveredmethods="17" elements="167" coveredelements="78" complexity="0" loc="85" ncloc="85" packages="3" files="11" classes="11"/>
    <package name="assets">
      <metrics statements="1" coveredstatements="1" conditionals="0" coveredconditionals="0" methods="0" coveredmethods="0"/>
      <file name="FoodTypes.js" path="/Users/learnacademy/Desktop/PersonalCode/Grubber/app/javascript/components/assets/FoodTypes.js">
        <metrics statements="1" coveredstatements="1" conditionals="0" coveredconditionals="0" methods="0" coveredmethods="0"/>
        <line num="1" count="1" type="stmt"/>
      </file>
    </package>
    <package name="components">
      <metrics statements="7" coveredstatements="6" conditionals="4" coveredconditionals="3" methods="4" coveredmethods="3"/>
      <file name="Footer.js" path="/Users/learnacademy/Desktop/PersonalCode/Grubber/app/javascript/components/components/Footer.js">
        <metrics statements="1" coveredstatements="1" conditionals="0" coveredconditionals="0" methods="1" coveredmethods="1"/>
        <line num="5" count="1" type="stmt"/>
      </file>
      <file name="Header.js" path="/Users/learnacademy/Desktop/PersonalCode/Grubber/app/javascript/components/components/Header.js">
        <metrics statements="6" coveredstatements="5" conditionals="4" coveredconditionals="3" methods="3" coveredmethods="2"/>
        <line num="19" count="3" type="stmt"/>
        <line num="20" count="3" type="stmt"/>
        <line num="21" count="3" type="stmt"/>
        <line num="26" count="0" type="stmt"/>
        <line num="37" count="3" type="stmt"/>
        <line num="38" count="3" type="stmt"/>
      </file>
    </package>
    <package name="pages">
      <metrics statements="77" coveredstatements="37" conditionals="38" coveredconditionals="14" methods="36" coveredmethods="14"/>
      <file name="AboutUs.js" path="/Users/learnacademy/Desktop/PersonalCode/Grubber/app/javascript/components/pages/AboutUs.js">
        <metrics statements="1" coveredstatements="1" conditionals="0" coveredconditionals="0" methods="1" coveredmethods="1"/>
        <line num="14" count="1" type="stmt"/>
      </file>
      <file name="Home.js" path="/Users/learnacademy/Desktop/PersonalCode/Grubber/app/javascript/components/pages/Home.js">
        <metrics statements="25" coveredstatements="11" conditionals="14" coveredconditionals="4" methods="12" coveredmethods="4"/>
        <line num="18" count="3" type="stmt"/>
        <line num="19" count="3" type="stmt"/>
        <line num="27" count="3" type="stmt"/>
        <line num="28" count="0" type="stmt"/>
        <line num="29" count="0" type="stmt"/>
        <line num="30" count="0" type="stmt"/>
        <line num="31" count="0" type="stmt"/>
        <line num="34" count="3" type="stmt"/>
        <line num="35" count="0" type="stmt"/>
        <line num="36" count="0" type="stmt"/>
        <line num="37" count="0" type="stmt"/>
        <line num="38" count="0" type="stmt"/>
        <line num="42" count="3" type="stmt"/>
        <line num="49" count="3" type="stmt"/>
        <line num="50" count="3" type="stmt"/>
        <line num="52" count="3" type="stmt"/>
        <line num="53" count="3" type="stmt"/>
        <line num="57" count="33" type="cond" truecount="2" falsecount="0"/>
        <line num="58" count="3" type="stmt"/>
        <line num="71" count="0" type="cond" truecount="1" falsecount="2"/>
        <line num="72" count="0" type="stmt"/>
        <line num="100" count="0" type="cond" truecount="0" falsecount="2"/>
        <line num="101" count="0" type="stmt"/>
        <line num="110" count="0" type="cond" truecount="0" falsecount="3"/>
        <line num="111" count="0" type="stmt"/>
      </file>
      <file name="NotFound.js" path="/Users/learnacademy/Desktop/PersonalCode/Grubber/app/javascript/components/pages/NotFound.js">
        <metrics statements="1" coveredstatements="1" conditionals="0" coveredconditionals="0" methods="1" coveredmethods="1"/>
        <line num="6" count="1" type="stmt"/>
      </file>
      <file name="RestaurantIndex.js" path="/Users/learnacademy/Desktop/PersonalCode/Grubber/app/javascript/components/pages/RestaurantIndex.js">
        <metrics statements="3" coveredstatements="3" conditionals="0" coveredconditionals="0" methods="2" coveredmethods="2"/>
        <line num="14" count="1" type="stmt"/>
        <line num="15" count="1" type="stmt"/>
        <line num="18" count="1" type="stmt"/>
      </file>
      <file name="RestaurantIndexProtected.js" path="/Users/learnacademy/Desktop/PersonalCode/Grubber/app/javascript/components/pages/RestaurantIndexProtected.js">
        <metrics statements="5" coveredstatements="3" conditionals="2" coveredconditionals="1" methods="3" coveredmethods="1"/>
        <line num="14" count="1" type="stmt"/>
        <line num="15" count="1" type="stmt"/>
        <line num="16" count="1" type="stmt"/>
        <line num="18" count="0" type="cond" truecount="1" falsecount="1"/>
        <line num="19" count="0" type="stmt"/>
      </file>
      <file name="RestaurantNew.js" path="/Users/learnacademy/Desktop/PersonalCode/Grubber/app/javascript/components/pages/RestaurantNew.js">
        <metrics statements="12" coveredstatements="6" conditionals="2" coveredconditionals="1" methods="4" coveredmethods="2"/>
        <line num="13" count="9" type="stmt"/>
        <line num="14" count="9" type="stmt"/>
        <line num="29" count="9" type="stmt"/>
        <line num="30" count="0" type="stmt"/>
        <line num="31" count="0" type="stmt"/>
        <line num="32" count="0" type="stmt"/>
        <line num="34" count="9" type="stmt"/>
        <line num="35" count="0" type="stmt"/>
        <line num="36" count="0" type="stmt"/>
        <line num="37" count="0" type="stmt"/>
        <line num="46" count="9" type="stmt"/>
        <line num="47" count="9" type="stmt"/>
      </file>
      <file name="RestaurantShow.js" path="/Users/learnacademy/Desktop/PersonalCode/Grubber/app/javascript/components/pages/RestaurantShow.js">
        <metrics statements="14" coveredstatements="7" conditionals="18" coveredconditionals="8" methods="5" coveredmethods="2"/>
        <line num="13" count="13" type="stmt"/>
        <line num="14" count="13" type="stmt"/>
        <line num="27" count="13" type="stmt"/>
        <line num="28" count="0" type="stmt"/>
        <line num="29" count="0" type="stmt"/>
        <line num="30" count="0" type="stmt"/>
        <line num="32" count="13" type="stmt"/>
        <line num="33" count="0" type="stmt"/>
        <line num="34" count="0" type="stmt"/>
        <line num="36" count="13" type="stmt"/>
        <line num="37" count="0" type="stmt"/>
        <line num="38" count="0" type="stmt"/>
        <line num="42" count="13" type="stmt"/>
        <line num="43" count="13" type="stmt"/>
      </file>
      <file name="YelpIndex.js" path="/Users/learnacademy/Desktop/PersonalCode/Grubber/app/javascript/components/pages/YelpIndex.js">
        <metrics statements="16" coveredstatements="5" conditionals="2" coveredconditionals="0" methods="8" coveredmethods="1"/>
        <line num="13" count="1" type="stmt"/>
        <line num="14" count="1" type="stmt"/>
        <line num="31" count="1" type="stmt"/>
        <line num="32" count="0" type="stmt"/>
        <line num="33" count="0" type="stmt"/>
        <line num="34" count="0" type="stmt"/>
        <line num="36" count="1" type="stmt"/>
        <line num="37" count="0" type="stmt"/>
        <line num="38" count="0" type="stmt"/>
        <line num="39" count="0" type="stmt"/>
        <line num="41" count="1" type="stmt"/>
        <line num="42" count="0" type="stmt"/>
        <line num="43" count="0" type="stmt"/>
        <line num="48" count="0" type="stmt"/>
        <line num="61" count="0" type="stmt"/>
        <line num="67" count="0" type="stmt"/>
      </file>
    </package>
  </project>
</coverage>
