{"/Users/learnacademy/Desktop/PersonalCode/Grubber/app/javascript/components/assets/FoodTypes.js": {"path":"/Users/learnacademy/Desktop/PersonalCode/Grubber/app/javascript/components/assets/FoodTypes.js","statementMap":{"0":{"start":{"line":1,"column":18},"end":{"line":13,"column":1}}},"fnMap":{},"branchMap":{},"s":{"0":1},"f":{},"b":{},"_coverageSchema":"1a1c01bbd47fc00a2c39e90264f33305004495a9","hash":"e512e4c26818f2b1ec6116bf7202a3705c722ea5"}
,"/Users/learnacademy/Desktop/PersonalCode/Grubber/app/javascript/components/components/Footer.js": {"path":"/Users/learnacademy/Desktop/PersonalCode/Grubber/app/javascript/components/components/Footer.js","statementMap":{"0":{"start":{"line":5,"column":4},"end":{"line":7,"column":5}}},"fnMap":{"0":{"name":"(anonymous_0)","decl":{"start":{"line":4,"column":2},"end":{"line":4,"column":3}},"loc":{"start":{"line":4,"column":11},"end":{"line":8,"column":3}},"line":4}},"branchMap":{},"s":{"0":1},"f":{"0":1},"b":{},"_coverageSchema":"1a1c01bbd47fc00a2c39e90264f33305004495a9","hash":"c049d856eef709ada370c63d5a17d92b0e4868cb"}
,"/Users/learnacademy/Desktop/PersonalCode/Grubber/app/javascript/components/components/Header.js": {"path":"/Users/learnacademy/Desktop/PersonalCode/Grubber/app/javascript/components/components/Header.js","statementMap":{"0":{"start":{"line":19,"column":4},"end":{"line":19,"column":17}},"1":{"start":{"line":20,"column":4},"end":{"line":20,"column":41}},"2":{"start":{"line":21,"column":4},"end":{"line":23,"column":6}},"3":{"start":{"line":26,"column":4},"end":{"line":28,"column":7}},"4":{"start":{"line":37,"column":8},"end":{"line":37,"column":18}},"5":{"start":{"line":38,"column":2},"end":{"line":86,"column":3}}},"fnMap":{"0":{"name":"(anonymous_0)","decl":{"start":{"line":18,"column":2},"end":{"line":18,"column":3}},"loc":{"start":{"line":18,"column":21},"end":{"line":24,"column":3}},"line":18},"1":{"name":"(anonymous_1)","decl":{"start":{"line":25,"column":2},"end":{"line":25,"column":3}},"loc":{"start":{"line":25,"column":11},"end":{"line":29,"column":3}},"line":25},"2":{"name":"(anonymous_2)","decl":{"start":{"line":30,"column":2},"end":{"line":30,"column":3}},"loc":{"start":{"line":30,"column":11},"end":{"line":87,"column":3}},"line":30}},"branchMap":{"0":{"loc":{"start":{"line":59,"column":15},"end":{"line":70,"column":17}},"type":"binary-expr","locations":[{"start":{"line":59,"column":15},"end":{"line":59,"column":24}},{"start":{"line":60,"column":14},"end":{"line":70,"column":17}}],"line":59},"1":{"loc":{"start":{"line":72,"column":15},"end":{"line":80,"column":17}},"type":"binary-expr","locations":[{"start":{"line":72,"column":15},"end":{"line":72,"column":25}},{"start":{"line":73,"column":14},"end":{"line":80,"column":17}}],"line":72}},"s":{"0":3,"1":3,"2":3,"3":0,"4":3,"5":3},"f":{"0":3,"1":0,"2":3},"b":{"0":[3,0],"1":[3,3]},"_coverageSchema":"1a1c01bbd47fc00a2c39e90264f33305004495a9","hash":"3eafdf6e11f4e687ca273e283a37a83f10962382"}
,"/Users/learnacademy/Desktop/PersonalCode/Grubber/app/javascript/components/pages/AboutUs.js": {"path":"/Users/learnacademy/Desktop/PersonalCode/Grubber/app/javascript/components/pages/AboutUs.js","statementMap":{"0":{"start":{"line":14,"column":8},"end":{"line":66,"column":9}}},"fnMap":{"0":{"name":"(anonymous_0)","decl":{"start":{"line":13,"column":4},"end":{"line":13,"column":5}},"loc":{"start":{"line":13,"column":13},"end":{"line":67,"column":5}},"line":13}},"branchMap":{},"s":{"0":1},"f":{"0":1},"b":{},"_coverageSchema":"1a1c01bbd47fc00a2c39e90264f33305004495a9","hash":"f6565abbf7a05c302efad71d9bf68a9a7bf5ee33"}
,"/Users/learnacademy/Desktop/PersonalCode/Grubber/app/javascript/components/pages/Home.js": {"path":"/Users/learnacademy/Desktop/PersonalCode/Grubber/app/javascript/components/pages/Home.js","statementMap":{"0":{"start":{"line":18,"column":4},"end":{"line":18,"column":16}},"1":{"start":{"line":19,"column":4},"end":{"line":24,"column":5}},"2":{"start":{"line":27,"column":16},"end":{"line":32,"column":3}},"3":{"start":{"line":28,"column":4},"end":{"line":28,"column":79}},"4":{"start":{"line":29,"column":4},"end":{"line":29,"column":45}},"5":{"start":{"line":30,"column":4},"end":{"line":30,"column":48}},"6":{"start":{"line":31,"column":4},"end":{"line":31,"column":56}},"7":{"start":{"line":34,"column":24},"end":{"line":39,"column":3}},"8":{"start":{"line":35,"column":4},"end":{"line":35,"column":93}},"9":{"start":{"line":36,"column":4},"end":{"line":36,"column":44}},"10":{"start":{"line":37,"column":4},"end":{"line":37,"column":49}},"11":{"start":{"line":38,"column":4},"end":{"line":38,"column":53}},"12":{"start":{"line":42,"column":25},"end":{"line":42,"column":35}},"13":{"start":{"line":49,"column":8},"end":{"line":49,"column":18}},"14":{"start":{"line":51,"column":29},"end":{"line":51,"column":39}},"15":{"start":{"line":53,"column":4},"end":{"line":103,"column":5}},"16":{"start":{"line":73,"column":77},"end":{"line":73,"column":110}},"17":{"start":{"line":74,"column":8},"end":{"line":81,"column":9}},"18":{"start":{"line":83,"column":99},"end":{"line":83,"column":129}},"19":{"start":{"line":84,"column":6},"end":{"line":92,"column":7}}},"fnMap":{"0":{"name":"(anonymous_0)","decl":{"start":{"line":17,"column":2},"end":{"line":17,"column":3}},"loc":{"start":{"line":17,"column":20},"end":{"line":25,"column":3}},"line":17},"1":{"name":"(anonymous_1)","decl":{"start":{"line":27,"column":16},"end":{"line":27,"column":17}},"loc":{"start":{"line":27,"column":21},"end":{"line":32,"column":3}},"line":27},"2":{"name":"(anonymous_2)","decl":{"start":{"line":34,"column":24},"end":{"line":34,"column":25}},"loc":{"start":{"line":34,"column":29},"end":{"line":39,"column":3}},"line":34},"3":{"name":"(anonymous_3)","decl":{"start":{"line":41,"column":2},"end":{"line":41,"column":3}},"loc":{"start":{"line":41,"column":11},"end":{"line":104,"column":3}},"line":41},"4":{"name":"(anonymous_4)","decl":{"start":{"line":73,"column":60},"end":{"line":73,"column":61}},"loc":{"start":{"line":73,"column":77},"end":{"line":73,"column":110}},"line":73},"5":{"name":"(anonymous_5)","decl":{"start":{"line":73,"column":116},"end":{"line":73,"column":117}},"loc":{"start":{"line":73,"column":131},"end":{"line":82,"column":7}},"line":73},"6":{"name":"(anonymous_6)","decl":{"start":{"line":83,"column":76},"end":{"line":83,"column":77}},"loc":{"start":{"line":83,"column":99},"end":{"line":83,"column":129}},"line":83},"7":{"name":"(anonymous_7)","decl":{"start":{"line":83,"column":135},"end":{"line":83,"column":136}},"loc":{"start":{"line":83,"column":158},"end":{"line":93,"column":7}},"line":83}},"branchMap":{"0":{"loc":{"start":{"line":73,"column":7},"end":{"line":82,"column":8}},"type":"binary-expr","locations":[{"start":{"line":73,"column":7},"end":{"line":73,"column":39}},{"start":{"line":73,"column":43},"end":{"line":82,"column":8}}],"line":73},"1":{"loc":{"start":{"line":83,"column":7},"end":{"line":93,"column":8}},"type":"binary-expr","locations":[{"start":{"line":83,"column":7},"end":{"line":83,"column":16}},{"start":{"line":83,"column":20},"end":{"line":83,"column":49}},{"start":{"line":83,"column":53},"end":{"line":93,"column":8}}],"line":83},"2":{"loc":{"start":{"line":99,"column":7},"end":{"line":101,"column":15}},"type":"binary-expr","locations":[{"start":{"line":99,"column":7},"end":{"line":99,"column":16}},{"start":{"line":99,"column":20},"end":{"line":101,"column":15}}],"line":99}},"s":{"0":3,"1":3,"2":3,"3":0,"4":0,"5":0,"6":0,"7":3,"8":0,"9":0,"10":0,"11":0,"12":3,"13":3,"14":3,"15":3,"16":33,"17":3,"18":0,"19":0},"f":{"0":3,"1":0,"2":0,"3":3,"4":33,"5":3,"6":0,"7":0},"b":{"0":[3,3],"1":[3,0,0],"2":[3,0]},"_coverageSchema":"1a1c01bbd47fc00a2c39e90264f33305004495a9","hash":"f942006f30d1355992d7f4861c439254c1a69134"}
,"/Users/learnacademy/Desktop/PersonalCode/Grubber/app/javascript/components/pages/NotFound.js": {"path":"/Users/learnacademy/Desktop/PersonalCode/Grubber/app/javascript/components/pages/NotFound.js","statementMap":{"0":{"start":{"line":6,"column":4},"end":{"line":14,"column":5}}},"fnMap":{"0":{"name":"(anonymous_0)","decl":{"start":{"line":5,"column":2},"end":{"line":5,"column":3}},"loc":{"start":{"line":5,"column":11},"end":{"line":15,"column":3}},"line":5}},"branchMap":{},"s":{"0":1},"f":{"0":1},"b":{},"_coverageSchema":"1a1c01bbd47fc00a2c39e90264f33305004495a9","hash":"962937f67ad167e9edbd34ff77db466fe3951366"}
,"/Users/learnacademy/Desktop/PersonalCode/Grubber/app/javascript/components/pages/RestaurantIndex.js": {"path":"/Users/learnacademy/Desktop/PersonalCode/Grubber/app/javascript/components/pages/RestaurantIndex.js","statementMap":{"0":{"start":{"line":14,"column":26},"end":{"line":14,"column":36}},"1":{"start":{"line":15,"column":4},"end":{"line":30,"column":5}},"2":{"start":{"line":18,"column":10},"end":{"line":28,"column":9}}},"fnMap":{"0":{"name":"(anonymous_0)","decl":{"start":{"line":13,"column":2},"end":{"line":13,"column":3}},"loc":{"start":{"line":13,"column":11},"end":{"line":31,"column":3}},"line":13},"1":{"name":"(anonymous_1)","decl":{"start":{"line":17,"column":26},"end":{"line":17,"column":27}},"loc":{"start":{"line":17,"column":49},"end":{"line":28,"column":10}},"line":17}},"branchMap":{},"s":{"0":1,"1":1,"2":1},"f":{"0":1,"1":1},"b":{},"_coverageSchema":"1a1c01bbd47fc00a2c39e90264f33305004495a9","hash":"8b7abc0067db896ca00813687354fe216dba3674"}
,"/Users/learnacademy/Desktop/PersonalCode/Grubber/app/javascript/components/pages/RestaurantIndexProtected.js": {"path":"/Users/learnacademy/Desktop/PersonalCode/Grubber/app/javascript/components/pages/RestaurantIndexProtected.js","statementMap":{"0":{"start":{"line":14,"column":26},"end":{"line":14,"column":36}},"1":{"start":{"line":15,"column":27},"end":{"line":15,"column":37}},"2":{"start":{"line":16,"column":4},"end":{"line":35,"column":5}},"3":{"start":{"line":18,"column":57},"end":{"line":18,"column":95}},"4":{"start":{"line":19,"column":12},"end":{"line":32,"column":15}}},"fnMap":{"0":{"name":"(anonymous_0)","decl":{"start":{"line":13,"column":2},"end":{"line":13,"column":3}},"loc":{"start":{"line":13,"column":11},"end":{"line":36,"column":3}},"line":13},"1":{"name":"(anonymous_1)","decl":{"start":{"line":18,"column":43},"end":{"line":18,"column":44}},"loc":{"start":{"line":18,"column":57},"end":{"line":18,"column":95}},"line":18},"2":{"name":"(anonymous_2)","decl":{"start":{"line":18,"column":101},"end":{"line":18,"column":102}},"loc":{"start":{"line":18,"column":116},"end":{"line":33,"column":9}},"line":18}},"branchMap":{"0":{"loc":{"start":{"line":18,"column":9},"end":{"line":33,"column":10}},"type":"binary-expr","locations":[{"start":{"line":18,"column":9},"end":{"line":18,"column":20}},{"start":{"line":18,"column":24},"end":{"line":33,"column":10}}],"line":18}},"s":{"0":1,"1":1,"2":1,"3":0,"4":0},"f":{"0":1,"1":0,"2":0},"b":{"0":[1,0]},"_coverageSchema":"1a1c01bbd47fc00a2c39e90264f33305004495a9","hash":"2d91821b585b493f481d0dd3c86abcf7c105497f"}
,"/Users/learnacademy/Desktop/PersonalCode/Grubber/app/javascript/components/pages/RestaurantNew.js": {"path":"/Users/learnacademy/Desktop/PersonalCode/Grubber/app/javascript/components/pages/RestaurantNew.js","statementMap":{"0":{"start":{"line":13,"column":4},"end":{"line":13,"column":16}},"1":{"start":{"line":14,"column":4},"end":{"line":26,"column":5}},"2":{"start":{"line":29,"column":17},"end":{"line":33,"column":3}},"3":{"start":{"line":30,"column":25},"end":{"line":30,"column":35}},"4":{"start":{"line":31,"column":4},"end":{"line":31,"column":46}},"5":{"start":{"line":32,"column":4},"end":{"line":32,"column":43}},"6":{"start":{"line":34,"column":17},"end":{"line":38,"column":3}},"7":{"start":{"line":35,"column":4},"end":{"line":35,"column":60}},"8":{"start":{"line":36,"column":4},"end":{"line":36,"column":54}},"9":{"start":{"line":37,"column":4},"end":{"line":37,"column":36}},"10":{"start":{"line":46,"column":8},"end":{"line":46,"column":18}},"11":{"start":{"line":47,"column":4},"end":{"line":128,"column":5}}},"fnMap":{"0":{"name":"(anonymous_0)","decl":{"start":{"line":12,"column":2},"end":{"line":12,"column":3}},"loc":{"start":{"line":12,"column":20},"end":{"line":28,"column":5}},"line":12},"1":{"name":"(anonymous_1)","decl":{"start":{"line":29,"column":17},"end":{"line":29,"column":18}},"loc":{"start":{"line":29,"column":24},"end":{"line":33,"column":3}},"line":29},"2":{"name":"(anonymous_2)","decl":{"start":{"line":34,"column":17},"end":{"line":34,"column":18}},"loc":{"start":{"line":34,"column":23},"end":{"line":38,"column":3}},"line":34},"3":{"name":"(anonymous_3)","decl":{"start":{"line":39,"column":2},"end":{"line":39,"column":3}},"loc":{"start":{"line":39,"column":11},"end":{"line":129,"column":3}},"line":39}},"branchMap":{"0":{"loc":{"start":{"line":125,"column":9},"end":{"line":125,"column":67}},"type":"binary-expr","locations":[{"start":{"line":125,"column":9},"end":{"line":125,"column":29}},{"start":{"line":125,"column":33},"end":{"line":125,"column":67}}],"line":125}},"s":{"0":2,"1":2,"2":2,"3":0,"4":0,"5":0,"6":2,"7":0,"8":0,"9":0,"10":2,"11":2},"f":{"0":2,"1":0,"2":0,"3":2},"b":{"0":[2,0]},"_coverageSchema":"1a1c01bbd47fc00a2c39e90264f33305004495a9","hash":"1a190d1e8e42b74ae9c4148a42c7a2c127e67d16"}
,"/Users/learnacademy/Desktop/PersonalCode/Grubber/app/javascript/components/pages/RestaurantShow.js": {"path":"/Users/learnacademy/Desktop/PersonalCode/Grubber/app/javascript/components/pages/RestaurantShow.js","statementMap":{"0":{"start":{"line":13,"column":4},"end":{"line":13,"column":16}},"1":{"start":{"line":14,"column":4},"end":{"line":25,"column":5}},"2":{"start":{"line":27,"column":17},"end":{"line":31,"column":3}},"3":{"start":{"line":28,"column":29},"end":{"line":28,"column":39}},"4":{"start":{"line":29,"column":4},"end":{"line":29,"column":50}},"5":{"start":{"line":30,"column":4},"end":{"line":30,"column":51}},"6":{"start":{"line":32,"column":17},"end":{"line":35,"column":3}},"7":{"start":{"line":33,"column":4},"end":{"line":33,"column":73}},"8":{"start":{"line":34,"column":4},"end":{"line":34,"column":36}},"9":{"start":{"line":36,"column":17},"end":{"line":39,"column":3}},"10":{"start":{"line":37,"column":4},"end":{"line":37,"column":46}},"11":{"start":{"line":38,"column":4},"end":{"line":38,"column":36}},"12":{"start":{"line":42,"column":25},"end":{"line":42,"column":35}},"13":{"start":{"line":43,"column":4},"end":{"line":140,"column":5}}},"fnMap":{"0":{"name":"(anonymous_0)","decl":{"start":{"line":12,"column":2},"end":{"line":12,"column":3}},"loc":{"start":{"line":12,"column":20},"end":{"line":26,"column":3}},"line":12},"1":{"name":"(anonymous_1)","decl":{"start":{"line":27,"column":17},"end":{"line":27,"column":18}},"loc":{"start":{"line":27,"column":24},"end":{"line":31,"column":3}},"line":27},"2":{"name":"(anonymous_2)","decl":{"start":{"line":32,"column":17},"end":{"line":32,"column":18}},"loc":{"start":{"line":32,"column":23},"end":{"line":35,"column":3}},"line":32},"3":{"name":"(anonymous_3)","decl":{"start":{"line":36,"column":17},"end":{"line":36,"column":18}},"loc":{"start":{"line":36,"column":23},"end":{"line":39,"column":3}},"line":36},"4":{"name":"(anonymous_4)","decl":{"start":{"line":41,"column":2},"end":{"line":41,"column":3}},"loc":{"start":{"line":41,"column":11},"end":{"line":141,"column":3}},"line":41}},"branchMap":{"0":{"loc":{"start":{"line":16,"column":14},"end":{"line":16,"column":69}},"type":"cond-expr","locations":[{"start":{"line":16,"column":38},"end":{"line":16,"column":64}},{"start":{"line":16,"column":67},"end":{"line":16,"column":69}}],"line":16},"1":{"loc":{"start":{"line":17,"column":16},"end":{"line":17,"column":73}},"type":"cond-expr","locations":[{"start":{"line":17,"column":40},"end":{"line":17,"column":68}},{"start":{"line":17,"column":71},"end":{"line":17,"column":73}}],"line":17},"2":{"loc":{"start":{"line":18,"column":14},"end":{"line":18,"column":69}},"type":"cond-expr","locations":[{"start":{"line":18,"column":38},"end":{"line":18,"column":64}},{"start":{"line":18,"column":67},"end":{"line":18,"column":69}}],"line":18},"3":{"loc":{"start":{"line":19,"column":15},"end":{"line":19,"column":71}},"type":"cond-expr","locations":[{"start":{"line":19,"column":39},"end":{"line":19,"column":66}},{"start":{"line":19,"column":69},"end":{"line":19,"column":71}}],"line":19},"4":{"loc":{"start":{"line":20,"column":18},"end":{"line":20,"column":77}},"type":"cond-expr","locations":[{"start":{"line":20,"column":42},"end":{"line":20,"column":72}},{"start":{"line":20,"column":75},"end":{"line":20,"column":77}}],"line":20},"5":{"loc":{"start":{"line":21,"column":17},"end":{"line":21,"column":75}},"type":"cond-expr","locations":[{"start":{"line":21,"column":41},"end":{"line":21,"column":70}},{"start":{"line":21,"column":73},"end":{"line":21,"column":75}}],"line":21},"6":{"loc":{"start":{"line":22,"column":15},"end":{"line":22,"column":71}},"type":"cond-expr","locations":[{"start":{"line":22,"column":39},"end":{"line":22,"column":66}},{"start":{"line":22,"column":69},"end":{"line":22,"column":71}}],"line":22},"7":{"loc":{"start":{"line":46,"column":8},"end":{"line":136,"column":15}},"type":"binary-expr","locations":[{"start":{"line":46,"column":8},"end":{"line":46,"column":18}},{"start":{"line":47,"column":8},"end":{"line":136,"column":15}}],"line":46},"8":{"loc":{"start":{"line":135,"column":11},"end":{"line":135,"column":69}},"type":"binary-expr","locations":[{"start":{"line":135,"column":11},"end":{"line":135,"column":31}},{"start":{"line":135,"column":35},"end":{"line":135,"column":69}}],"line":135}},"s":{"0":7,"1":7,"2":7,"3":0,"4":0,"5":0,"6":7,"7":0,"8":0,"9":7,"10":0,"11":0,"12":7,"13":7},"f":{"0":7,"1":0,"2":0,"3":0,"4":7},"b":{"0":[0,7],"1":[0,7],"2":[0,7],"3":[0,7],"4":[0,7],"5":[0,7],"6":[0,7],"7":[7,0],"8":[0,0]},"_coverageSchema":"1a1c01bbd47fc00a2c39e90264f33305004495a9","hash":"92228a5b8d88d5afb12f4fd37f75758aeb71c49b"}
}
