{"/Users/learnacademy/Desktop/grubber-app/app/javascript/components/components/Footer.js": {"path":"/Users/learnacademy/Desktop/grubber-app/app/javascript/components/components/Footer.js","statementMap":{"0":{"start":{"line":5,"column":4},"end":{"line":7,"column":5}}},"fnMap":{"0":{"name":"(anonymous_0)","decl":{"start":{"line":4,"column":2},"end":{"line":4,"column":3}},"loc":{"start":{"line":4,"column":11},"end":{"line":8,"column":3}},"line":4}},"branchMap":{},"s":{"0":1},"f":{"0":1},"b":{},"_coverageSchema":"1a1c01bbd47fc00a2c39e90264f33305004495a9","hash":"5492ca0a5f67c2b9a070fecdd66d6fc57a3d8f2e"}
,"/Users/learnacademy/Desktop/grubber-app/app/javascript/components/components/Header.js": {"path":"/Users/learnacademy/Desktop/grubber-app/app/javascript/components/components/Header.js","statementMap":{"0":{"start":{"line":18,"column":8},"end":{"line":18,"column":21}},"1":{"start":{"line":19,"column":8},"end":{"line":19,"column":45}},"2":{"start":{"line":20,"column":8},"end":{"line":22,"column":10}},"3":{"start":{"line":25,"column":8},"end":{"line":27,"column":11}},"4":{"start":{"line":36,"column":8},"end":{"line":36,"column":18}},"5":{"start":{"line":38,"column":4},"end":{"line":87,"column":5}}},"fnMap":{"0":{"name":"(anonymous_0)","decl":{"start":{"line":17,"column":4},"end":{"line":17,"column":5}},"loc":{"start":{"line":17,"column":23},"end":{"line":23,"column":7}},"line":17},"1":{"name":"(anonymous_1)","decl":{"start":{"line":24,"column":6},"end":{"line":24,"column":7}},"loc":{"start":{"line":24,"column":15},"end":{"line":28,"column":7}},"line":24},"2":{"name":"(anonymous_2)","decl":{"start":{"line":29,"column":2},"end":{"line":29,"column":3}},"loc":{"start":{"line":29,"column":11},"end":{"line":88,"column":3}},"line":29}},"branchMap":{"0":{"loc":{"start":{"line":57,"column":17},"end":{"line":69,"column":19}},"type":"binary-expr","locations":[{"start":{"line":57,"column":17},"end":{"line":57,"column":26}},{"start":{"line":58,"column":16},"end":{"line":69,"column":19}}],"line":57},"1":{"loc":{"start":{"line":71,"column":17},"end":{"line":79,"column":19}},"type":"binary-expr","locations":[{"start":{"line":71,"column":17},"end":{"line":71,"column":27}},{"start":{"line":72,"column":16},"end":{"line":79,"column":19}}],"line":71}},"s":{"0":3,"1":3,"2":3,"3":0,"4":3,"5":3},"f":{"0":3,"1":0,"2":3},"b":{"0":[3,0],"1":[3,3]},"_coverageSchema":"1a1c01bbd47fc00a2c39e90264f33305004495a9","hash":"3535c3fab9c496e32a838a82020d59b26f3e2f91"}
,"/Users/learnacademy/Desktop/grubber-app/app/javascript/components/pages/AboutUs.js": {"path":"/Users/learnacademy/Desktop/grubber-app/app/javascript/components/pages/AboutUs.js","statementMap":{"0":{"start":{"line":14,"column":8},"end":{"line":64,"column":9}}},"fnMap":{"0":{"name":"(anonymous_0)","decl":{"start":{"line":13,"column":4},"end":{"line":13,"column":5}},"loc":{"start":{"line":13,"column":13},"end":{"line":65,"column":5}},"line":13}},"branchMap":{},"s":{"0":1},"f":{"0":1},"b":{},"_coverageSchema":"1a1c01bbd47fc00a2c39e90264f33305004495a9","hash":"586af0c1fa11682aaf06079e2bfbbeb3ecce8368"}
,"/Users/learnacademy/Desktop/grubber-app/app/javascript/components/pages/Home.js": {"path":"/Users/learnacademy/Desktop/grubber-app/app/javascript/components/pages/Home.js","statementMap":{"0":{"start":{"line":13,"column":4},"end":{"line":13,"column":16}},"1":{"start":{"line":14,"column":4},"end":{"line":16,"column":5}},"2":{"start":{"line":19,"column":16},"end":{"line":22,"column":3}},"3":{"start":{"line":20,"column":4},"end":{"line":20,"column":89}},"4":{"start":{"line":21,"column":4},"end":{"line":21,"column":53}},"5":{"start":{"line":25,"column":25},"end":{"line":25,"column":35}},"6":{"start":{"line":27,"column":4},"end":{"line":51,"column":5}},"7":{"start":{"line":29,"column":57},"end":{"line":29,"column":95}},"8":{"start":{"line":30,"column":8},"end":{"line":39,"column":9}}},"fnMap":{"0":{"name":"(anonymous_0)","decl":{"start":{"line":12,"column":2},"end":{"line":12,"column":3}},"loc":{"start":{"line":12,"column":20},"end":{"line":17,"column":3}},"line":12},"1":{"name":"(anonymous_1)","decl":{"start":{"line":19,"column":16},"end":{"line":19,"column":17}},"loc":{"start":{"line":19,"column":21},"end":{"line":22,"column":3}},"line":19},"2":{"name":"(anonymous_2)","decl":{"start":{"line":24,"column":2},"end":{"line":24,"column":3}},"loc":{"start":{"line":24,"column":11},"end":{"line":52,"column":3}},"line":24},"3":{"name":"(anonymous_3)","decl":{"start":{"line":29,"column":43},"end":{"line":29,"column":44}},"loc":{"start":{"line":29,"column":57},"end":{"line":29,"column":95}},"line":29},"4":{"name":"(anonymous_4)","decl":{"start":{"line":29,"column":102},"end":{"line":29,"column":103}},"loc":{"start":{"line":29,"column":116},"end":{"line":41,"column":9}},"line":29}},"branchMap":{"0":{"loc":{"start":{"line":29,"column":9},"end":{"line":41,"column":10}},"type":"binary-expr","locations":[{"start":{"line":29,"column":9},"end":{"line":29,"column":20}},{"start":{"line":29,"column":24},"end":{"line":41,"column":10}}],"line":29}},"s":{"0":2,"1":2,"2":2,"3":0,"4":0,"5":2,"6":2,"7":0,"8":0},"f":{"0":2,"1":0,"2":2,"3":0,"4":0},"b":{"0":[2,0]},"_coverageSchema":"1a1c01bbd47fc00a2c39e90264f33305004495a9","hash":"236381377e30abfd875d869eca672acd7982d5c0"}
,"/Users/learnacademy/Desktop/grubber-app/app/javascript/components/pages/NotFound.js": {"path":"/Users/learnacademy/Desktop/grubber-app/app/javascript/components/pages/NotFound.js","statementMap":{"0":{"start":{"line":6,"column":4},"end":{"line":14,"column":5}}},"fnMap":{"0":{"name":"(anonymous_0)","decl":{"start":{"line":5,"column":2},"end":{"line":5,"column":3}},"loc":{"start":{"line":5,"column":11},"end":{"line":15,"column":3}},"line":5}},"branchMap":{},"s":{"0":1},"f":{"0":1},"b":{},"_coverageSchema":"1a1c01bbd47fc00a2c39e90264f33305004495a9","hash":"f4e50987c4ad233f2813afcd11eaff8ce0217a2a"}
,"/Users/learnacademy/Desktop/grubber-app/app/javascript/components/pages/RestaurantIndex.js": {"path":"/Users/learnacademy/Desktop/grubber-app/app/javascript/components/pages/RestaurantIndex.js","statementMap":{"0":{"start":{"line":14,"column":26},"end":{"line":14,"column":36}},"1":{"start":{"line":15,"column":4},"end":{"line":30,"column":5}},"2":{"start":{"line":18,"column":10},"end":{"line":28,"column":9}}},"fnMap":{"0":{"name":"(anonymous_0)","decl":{"start":{"line":13,"column":2},"end":{"line":13,"column":3}},"loc":{"start":{"line":13,"column":11},"end":{"line":31,"column":3}},"line":13},"1":{"name":"(anonymous_1)","decl":{"start":{"line":17,"column":26},"end":{"line":17,"column":27}},"loc":{"start":{"line":17,"column":49},"end":{"line":28,"column":10}},"line":17}},"branchMap":{},"s":{"0":1,"1":1,"2":1},"f":{"0":1,"1":1},"b":{},"_coverageSchema":"1a1c01bbd47fc00a2c39e90264f33305004495a9","hash":"e48a68372891404482de26b12cfd35f10d6801f5"}
,"/Users/learnacademy/Desktop/grubber-app/app/javascript/components/pages/RestaurantIndexProtected.js": {"path":"/Users/learnacademy/Desktop/grubber-app/app/javascript/components/pages/RestaurantIndexProtected.js","statementMap":{"0":{"start":{"line":14,"column":26},"end":{"line":14,"column":36}},"1":{"start":{"line":15,"column":27},"end":{"line":15,"column":37}},"2":{"start":{"line":16,"column":4},"end":{"line":35,"column":5}},"3":{"start":{"line":18,"column":57},"end":{"line":18,"column":95}},"4":{"start":{"line":19,"column":12},"end":{"line":32,"column":15}}},"fnMap":{"0":{"name":"(anonymous_0)","decl":{"start":{"line":13,"column":2},"end":{"line":13,"column":3}},"loc":{"start":{"line":13,"column":11},"end":{"line":36,"column":3}},"line":13},"1":{"name":"(anonymous_1)","decl":{"start":{"line":18,"column":43},"end":{"line":18,"column":44}},"loc":{"start":{"line":18,"column":57},"end":{"line":18,"column":95}},"line":18},"2":{"name":"(anonymous_2)","decl":{"start":{"line":18,"column":101},"end":{"line":18,"column":102}},"loc":{"start":{"line":18,"column":116},"end":{"line":33,"column":9}},"line":18}},"branchMap":{"0":{"loc":{"start":{"line":18,"column":9},"end":{"line":33,"column":10}},"type":"binary-expr","locations":[{"start":{"line":18,"column":9},"end":{"line":18,"column":20}},{"start":{"line":18,"column":24},"end":{"line":33,"column":10}}],"line":18}},"s":{"0":1,"1":1,"2":1,"3":0,"4":0},"f":{"0":1,"1":0,"2":0},"b":{"0":[1,0]},"_coverageSchema":"1a1c01bbd47fc00a2c39e90264f33305004495a9","hash":"a3178bfe8cbf21b6357ca997110fcf92f8296dda"}
,"/Users/learnacademy/Desktop/grubber-app/app/javascript/components/pages/RestaurantNew.js": {"path":"/Users/learnacademy/Desktop/grubber-app/app/javascript/components/pages/RestaurantNew.js","statementMap":{"0":{"start":{"line":13,"column":4},"end":{"line":13,"column":16}},"1":{"start":{"line":14,"column":4},"end":{"line":26,"column":5}},"2":{"start":{"line":29,"column":17},"end":{"line":33,"column":3}},"3":{"start":{"line":30,"column":25},"end":{"line":30,"column":35}},"4":{"start":{"line":31,"column":4},"end":{"line":31,"column":46}},"5":{"start":{"line":32,"column":4},"end":{"line":32,"column":43}},"6":{"start":{"line":34,"column":17},"end":{"line":38,"column":3}},"7":{"start":{"line":35,"column":4},"end":{"line":35,"column":60}},"8":{"start":{"line":36,"column":4},"end":{"line":36,"column":54}},"9":{"start":{"line":37,"column":4},"end":{"line":37,"column":36}},"10":{"start":{"line":46,"column":8},"end":{"line":46,"column":18}},"11":{"start":{"line":47,"column":4},"end":{"line":126,"column":5}}},"fnMap":{"0":{"name":"(anonymous_0)","decl":{"start":{"line":12,"column":2},"end":{"line":12,"column":3}},"loc":{"start":{"line":12,"column":20},"end":{"line":28,"column":3}},"line":12},"1":{"name":"(anonymous_1)","decl":{"start":{"line":29,"column":17},"end":{"line":29,"column":18}},"loc":{"start":{"line":29,"column":24},"end":{"line":33,"column":3}},"line":29},"2":{"name":"(anonymous_2)","decl":{"start":{"line":34,"column":17},"end":{"line":34,"column":18}},"loc":{"start":{"line":34,"column":23},"end":{"line":38,"column":3}},"line":34},"3":{"name":"(anonymous_3)","decl":{"start":{"line":39,"column":2},"end":{"line":39,"column":3}},"loc":{"start":{"line":39,"column":11},"end":{"line":127,"column":3}},"line":39}},"branchMap":{"0":{"loc":{"start":{"line":124,"column":9},"end":{"line":124,"column":67}},"type":"binary-expr","locations":[{"start":{"line":124,"column":9},"end":{"line":124,"column":29}},{"start":{"line":124,"column":33},"end":{"line":124,"column":67}}],"line":124}},"s":{"0":2,"1":2,"2":2,"3":0,"4":0,"5":0,"6":2,"7":0,"8":0,"9":0,"10":2,"11":2},"f":{"0":2,"1":0,"2":0,"3":2},"b":{"0":[2,0]},"_coverageSchema":"1a1c01bbd47fc00a2c39e90264f33305004495a9","hash":"f66a805d5b600f2d009aaab7a18c1dd9ab5a42a9"}
,"/Users/learnacademy/Desktop/grubber-app/app/javascript/components/pages/RestaurantShow.js": {"path":"/Users/learnacademy/Desktop/grubber-app/app/javascript/components/pages/RestaurantShow.js","statementMap":{"0":{"start":{"line":13,"column":8},"end":{"line":13,"column":20}},"1":{"start":{"line":14,"column":8},"end":{"line":25,"column":9}},"2":{"start":{"line":27,"column":19},"end":{"line":31,"column":5}},"3":{"start":{"line":28,"column":33},"end":{"line":28,"column":43}},"4":{"start":{"line":29,"column":8},"end":{"line":29,"column":54}},"5":{"start":{"line":30,"column":8},"end":{"line":30,"column":55}},"6":{"start":{"line":32,"column":19},"end":{"line":35,"column":5}},"7":{"start":{"line":33,"column":6},"end":{"line":33,"column":75}},"8":{"start":{"line":34,"column":6},"end":{"line":34,"column":38}},"9":{"start":{"line":36,"column":19},"end":{"line":39,"column":5}},"10":{"start":{"line":37,"column":6},"end":{"line":37,"column":48}},"11":{"start":{"line":38,"column":6},"end":{"line":38,"column":38}},"12":{"start":{"line":42,"column":27},"end":{"line":42,"column":37}},"13":{"start":{"line":44,"column":4},"end":{"line":141,"column":5}}},"fnMap":{"0":{"name":"(anonymous_0)","decl":{"start":{"line":12,"column":4},"end":{"line":12,"column":5}},"loc":{"start":{"line":12,"column":22},"end":{"line":26,"column":5}},"line":12},"1":{"name":"(anonymous_1)","decl":{"start":{"line":27,"column":19},"end":{"line":27,"column":20}},"loc":{"start":{"line":27,"column":26},"end":{"line":31,"column":5}},"line":27},"2":{"name":"(anonymous_2)","decl":{"start":{"line":32,"column":19},"end":{"line":32,"column":20}},"loc":{"start":{"line":32,"column":25},"end":{"line":35,"column":5}},"line":32},"3":{"name":"(anonymous_3)","decl":{"start":{"line":36,"column":19},"end":{"line":36,"column":20}},"loc":{"start":{"line":36,"column":25},"end":{"line":39,"column":5}},"line":36},"4":{"name":"(anonymous_4)","decl":{"start":{"line":41,"column":4},"end":{"line":41,"column":5}},"loc":{"start":{"line":41,"column":13},"end":{"line":142,"column":3}},"line":41}},"branchMap":{"0":{"loc":{"start":{"line":16,"column":18},"end":{"line":16,"column":73}},"type":"cond-expr","locations":[{"start":{"line":16,"column":42},"end":{"line":16,"column":68}},{"start":{"line":16,"column":71},"end":{"line":16,"column":73}}],"line":16},"1":{"loc":{"start":{"line":17,"column":20},"end":{"line":17,"column":77}},"type":"cond-expr","locations":[{"start":{"line":17,"column":44},"end":{"line":17,"column":72}},{"start":{"line":17,"column":75},"end":{"line":17,"column":77}}],"line":17},"2":{"loc":{"start":{"line":18,"column":18},"end":{"line":18,"column":73}},"type":"cond-expr","locations":[{"start":{"line":18,"column":42},"end":{"line":18,"column":68}},{"start":{"line":18,"column":71},"end":{"line":18,"column":73}}],"line":18},"3":{"loc":{"start":{"line":19,"column":19},"end":{"line":19,"column":75}},"type":"cond-expr","locations":[{"start":{"line":19,"column":43},"end":{"line":19,"column":70}},{"start":{"line":19,"column":73},"end":{"line":19,"column":75}}],"line":19},"4":{"loc":{"start":{"line":20,"column":22},"end":{"line":20,"column":81}},"type":"cond-expr","locations":[{"start":{"line":20,"column":46},"end":{"line":20,"column":76}},{"start":{"line":20,"column":79},"end":{"line":20,"column":81}}],"line":20},"5":{"loc":{"start":{"line":21,"column":21},"end":{"line":21,"column":79}},"type":"cond-expr","locations":[{"start":{"line":21,"column":45},"end":{"line":21,"column":74}},{"start":{"line":21,"column":77},"end":{"line":21,"column":79}}],"line":21},"6":{"loc":{"start":{"line":22,"column":19},"end":{"line":22,"column":75}},"type":"cond-expr","locations":[{"start":{"line":22,"column":43},"end":{"line":22,"column":70}},{"start":{"line":22,"column":73},"end":{"line":22,"column":75}}],"line":22},"7":{"loc":{"start":{"line":47,"column":8},"end":{"line":137,"column":15}},"type":"binary-expr","locations":[{"start":{"line":47,"column":8},"end":{"line":47,"column":18}},{"start":{"line":48,"column":8},"end":{"line":137,"column":15}}],"line":47},"8":{"loc":{"start":{"line":136,"column":11},"end":{"line":136,"column":69}},"type":"binary-expr","locations":[{"start":{"line":136,"column":11},"end":{"line":136,"column":31}},{"start":{"line":136,"column":35},"end":{"line":136,"column":69}}],"line":136}},"s":{"0":6,"1":6,"2":6,"3":0,"4":0,"5":0,"6":6,"7":0,"8":0,"9":6,"10":0,"11":0,"12":6,"13":6},"f":{"0":6,"1":0,"2":0,"3":0,"4":6},"b":{"0":[0,6],"1":[0,6],"2":[0,6],"3":[0,6],"4":[0,6],"5":[0,6],"6":[0,6],"7":[6,0],"8":[0,0]},"_coverageSchema":"1a1c01bbd47fc00a2c39e90264f33305004495a9","hash":"4b2ee81342adf04269a7e28c4e53ecb6a86d6274"}
}
