TN:
SF:app/javascript/components/assets/FoodTypes.js
FNF:0
FNH:0
DA:1,1
LF:1
LH:1
BRF:0
BRH:0
end_of_record
TN:
SF:app/javascript/components/components/Footer.js
FN:4,(anonymous_0)
FNF:1
FNH:1
FNDA:1,(anonymous_0)
DA:5,1
LF:1
LH:1
BRF:0
BRH:0
end_of_record
TN:
SF:app/javascript/components/components/Header.js
FN:18,(anonymous_0)
FN:25,(anonymous_1)
FN:30,(anonymous_2)
FNF:3
FNH:2
FNDA:3,(anonymous_0)
FNDA:0,(anonymous_1)
FNDA:3,(anonymous_2)
DA:19,3
DA:20,3
DA:21,3
DA:26,0
DA:37,3
DA:38,3
LF:6
LH:5
BRDA:59,0,0,3
BRDA:59,0,1,0
BRDA:72,1,0,3
BRDA:72,1,1,3
BRF:4
BRH:3
end_of_record
TN:
SF:app/javascript/components/pages/AboutUs.js
FN:13,(anonymous_0)
FNF:1
FNH:1
FNDA:1,(anonymous_0)
DA:14,1
LF:1
LH:1
BRF:0
BRH:0
end_of_record
TN:
SF:app/javascript/components/pages/Home.js
FN:17,(anonymous_0)
FN:27,(anonymous_1)
FN:34,(anonymous_2)
FN:41,(anonymous_3)
FN:73,(anonymous_4)
FN:73,(anonymous_5)
FN:83,(anonymous_6)
FN:83,(anonymous_7)
FNF:8
FNH:4
FNDA:3,(anonymous_0)
FNDA:0,(anonymous_1)
FNDA:0,(anonymous_2)
FNDA:3,(anonymous_3)
FNDA:33,(anonymous_4)
FNDA:3,(anonymous_5)
FNDA:0,(anonymous_6)
FNDA:0,(anonymous_7)
DA:18,3
DA:19,3
DA:27,3
DA:28,0
DA:29,0
DA:30,0
DA:31,0
DA:34,3
DA:35,0
DA:36,0
DA:37,0
DA:38,0
DA:42,3
DA:49,3
DA:51,3
DA:53,3
DA:73,33
DA:74,3
DA:83,0
DA:84,0
LF:20
LH:10
BRDA:73,0,0,3
BRDA:73,0,1,3
BRDA:83,1,0,3
BRDA:83,1,1,0
BRDA:83,1,2,0
BRDA:99,2,0,3
BRDA:99,2,1,0
BRF:7
BRH:4
end_of_record
TN:
SF:app/javascript/components/pages/NotFound.js
FN:5,(anonymous_0)
FNF:1
FNH:1
FNDA:1,(anonymous_0)
DA:6,1
LF:1
LH:1
BRF:0
BRH:0
end_of_record
TN:
SF:app/javascript/components/pages/RestaurantIndex.js
FN:13,(anonymous_0)
FN:17,(anonymous_1)
FNF:2
FNH:2
FNDA:1,(anonymous_0)
FNDA:1,(anonymous_1)
DA:14,1
DA:15,1
DA:18,1
LF:3
LH:3
BRF:0
BRH:0
end_of_record
TN:
SF:app/javascript/components/pages/RestaurantIndexProtected.js
FN:13,(anonymous_0)
FN:18,(anonymous_1)
FN:18,(anonymous_2)
FNF:3
FNH:1
FNDA:1,(anonymous_0)
FNDA:0,(anonymous_1)
FNDA:0,(anonymous_2)
DA:14,1
DA:15,1
DA:16,1
DA:18,0
DA:19,0
LF:5
LH:3
BRDA:18,0,0,1
BRDA:18,0,1,0
BRF:2
BRH:1
end_of_record
TN:
SF:app/javascript/components/pages/RestaurantNew.js
FN:12,(anonymous_0)
FN:29,(anonymous_1)
FN:34,(anonymous_2)
FN:39,(anonymous_3)
FNF:4
FNH:2
FNDA:9,(anonymous_0)
FNDA:0,(anonymous_1)
FNDA:0,(anonymous_2)
FNDA:9,(anonymous_3)
DA:13,9
DA:14,9
DA:29,9
DA:30,0
DA:31,0
DA:32,0
DA:34,9
DA:35,0
DA:36,0
DA:37,0
DA:46,9
DA:47,9
LF:12
LH:6
BRDA:125,0,0,9
BRDA:125,0,1,0
BRF:2
BRH:1
end_of_record
TN:
SF:app/javascript/components/pages/RestaurantShow.js
FN:12,(anonymous_0)
FN:27,(anonymous_1)
FN:32,(anonymous_2)
FN:36,(anonymous_3)
FN:41,(anonymous_4)
FNF:5
FNH:2
FNDA:13,(anonymous_0)
FNDA:0,(anonymous_1)
FNDA:0,(anonymous_2)
FNDA:0,(anonymous_3)
FNDA:13,(anonymous_4)
DA:13,13
DA:14,13
DA:27,13
DA:28,0
DA:29,0
DA:30,0
DA:32,13
DA:33,0
DA:34,0
DA:36,13
DA:37,0
DA:38,0
DA:42,13
DA:43,13
LF:14
LH:7
BRDA:16,0,0,0
BRDA:16,0,1,13
BRDA:17,1,0,0
BRDA:17,1,1,13
BRDA:18,2,0,0
BRDA:18,2,1,13
BRDA:19,3,0,0
BRDA:19,3,1,13
BRDA:20,4,0,0
BRDA:20,4,1,13
BRDA:21,5,0,0
BRDA:21,5,1,13
BRDA:22,6,0,0
BRDA:22,6,1,13
BRDA:46,7,0,13
BRDA:46,7,1,0
BRDA:135,8,0,0
BRDA:135,8,1,0
BRF:18
BRH:8
end_of_record
